<?xml version="1.0" encoding="UTF-8"?>
<!-- Generated by org.testng.reporters.JUnitXMLReporter -->
<testsuite hostname="Adityas-MacBook-Pro.local" ignored="0" name="Chrome" tests="3" failures="0" timestamp="28 Jan 2018 09:02:49 GMT" time="304.537" errors="0">
  <testcase name="VerifyPageTitle" time="0.028" classname="com.expedia.adnatebeta.testrunner.NTRunnerTest"/>
  <testcase name="VerifyFlightDetailsHeading" time="6.228" classname="com.expedia.adnatebeta.testrunner.NTRunnerTest"/>
  <testcase name="VerifyRegistrationProcess" time="86.929" classname="com.expedia.adnatebeta.testrunner.NTRunnerTest"/>
</testsuite> <!-- Chrome -->
