<?xml version="1.0" encoding="UTF-8"?>
<!-- Generated by org.testng.reporters.JUnitXMLReporter -->
<testsuite hostname="Adityas-MacBook-Pro.local" ignored="0" name="Chrome" tests="3" failures="0" timestamp="27 Jan 2018 11:18:36 GMT" time="18.499" errors="0">
  <testcase name="VerifyPageTitle" time="0.013" classname="com.expedia.adnatebeta.testrunner.NTRunnerTest"/>
  <testcase name="VerifyFlightDetailsHeading" time="3.993" classname="com.expedia.adnatebeta.testrunner.NTRunnerTest"/>
  <testcase name="VerifyRegistrationProcess" time="3.378" classname="com.expedia.adnatebeta.testrunner.NTRunnerTest"/>
</testsuite> <!-- Chrome -->
