<?xml version="1.0" encoding="UTF-8"?>
<testng-results skipped="0" failed="0" ignored="0" total="3" passed="3">
  <reporter-output>
  </reporter-output>
  <suite name="Suite" duration-ms="44374" started-at="2018-01-27T10:39:20Z" finished-at="2018-01-27T10:40:05Z">
    <groups>
    </groups>
    <test name="Chrome" duration-ms="44374" started-at="2018-01-27T10:39:20Z" finished-at="2018-01-27T10:40:05Z">
      <class name="com.expedia.adnatebeta.testrunner.NTRunnerTest">
        <test-method status="PASS" signature="getTestInput(java.lang.String, java.lang.String)[pri:0, instance:com.expedia.adnatebeta.testrunner.NTRunnerTest@7a3d45bd]" name="getTestInput" is-config="true" duration-ms="12" started-at="2018-01-27T16:09:20Z" finished-at="2018-01-27T16:09:20Z">
          <params>
            <param index="0">
              <value>
                <![CDATA[Chrome]]>
              </value>
            </param>
            <param index="1">
              <value>
                <![CDATA[local]]>
              </value>
            </param>
          </params>
          <reporter-output>
          </reporter-output>
        </test-method> <!-- getTestInput -->
        <test-method status="PASS" signature="preCondition()[pri:0, instance:com.expedia.adnatebeta.testrunner.NTRunnerTest@7a3d45bd]" name="preCondition" is-config="true" duration-ms="5203" started-at="2018-01-27T16:09:21Z" finished-at="2018-01-27T16:09:26Z">
          <reporter-output>
          </reporter-output>
        </test-method> <!-- preCondition -->
        <test-method status="PASS" signature="VerifyPageTitle(java.lang.String, java.lang.String)[pri:0, instance:com.expedia.adnatebeta.testrunner.NTRunnerTest@7a3d45bd]" name="VerifyPageTitle" duration-ms="14" started-at="2018-01-27T16:09:26Z" data-provider="tdp" finished-at="2018-01-27T16:09:26Z">
          <params>
            <param index="0">
              <value>
                <![CDATA[Welcome: Mercury Tours]]>
              </value>
            </param>
            <param index="1">
              <value>
                <![CDATA[1]]>
              </value>
            </param>
          </params>
          <reporter-output>
          </reporter-output>
        </test-method> <!-- VerifyPageTitle -->
        <test-method status="PASS" signature="closeBrowser()[pri:0, instance:com.expedia.adnatebeta.testrunner.NTRunnerTest@7a3d45bd]" name="closeBrowser" is-config="true" duration-ms="78" started-at="2018-01-27T16:09:26Z" finished-at="2018-01-27T16:09:26Z">
          <reporter-output>
          </reporter-output>
        </test-method> <!-- closeBrowser -->
        <test-method status="PASS" signature="preCondition()[pri:0, instance:com.expedia.adnatebeta.testrunner.NTRunnerTest@7a3d45bd]" name="preCondition" is-config="true" duration-ms="7085" started-at="2018-01-27T16:09:26Z" finished-at="2018-01-27T16:09:33Z">
          <reporter-output>
          </reporter-output>
        </test-method> <!-- preCondition -->
        <test-method status="PASS" signature="VerifyFlightDetailsHeading([Ljava.lang.String;)[pri:0, instance:com.expedia.adnatebeta.testrunner.NTRunnerTest@7a3d45bd]" name="VerifyFlightDetailsHeading" duration-ms="6381" started-at="2018-01-27T16:09:33Z" data-provider="tdp" finished-at="2018-01-27T16:09:39Z">
          <params>
            <param index="0">
              <value>
                <![CDATA[[Ljava.lang.String;@15eebbff]]>
              </value>
            </param>
          </params>
          <reporter-output>
          </reporter-output>
        </test-method> <!-- VerifyFlightDetailsHeading -->
        <test-method status="PASS" signature="closeBrowser()[pri:0, instance:com.expedia.adnatebeta.testrunner.NTRunnerTest@7a3d45bd]" name="closeBrowser" is-config="true" duration-ms="80" started-at="2018-01-27T16:09:39Z" finished-at="2018-01-27T16:09:39Z">
          <reporter-output>
          </reporter-output>
        </test-method> <!-- closeBrowser -->
        <test-method status="PASS" signature="preCondition()[pri:0, instance:com.expedia.adnatebeta.testrunner.NTRunnerTest@7a3d45bd]" name="preCondition" is-config="true" duration-ms="11429" started-at="2018-01-27T16:09:39Z" finished-at="2018-01-27T16:09:51Z">
          <reporter-output>
          </reporter-output>
        </test-method> <!-- preCondition -->
        <test-method status="PASS" signature="VerifyRegistrationProcess([Ljava.lang.String;)[pri:0, instance:com.expedia.adnatebeta.testrunner.NTRunnerTest@7a3d45bd]" name="VerifyRegistrationProcess" duration-ms="13581" started-at="2018-01-27T16:09:51Z" data-provider="tdp" finished-at="2018-01-27T16:10:05Z">
          <params>
            <param index="0">
              <value>
                <![CDATA[[Ljava.lang.String;@22d6f11]]>
              </value>
            </param>
          </params>
          <reporter-output>
          </reporter-output>
        </test-method> <!-- VerifyRegistrationProcess -->
        <test-method status="PASS" signature="closeBrowser()[pri:0, instance:com.expedia.adnatebeta.testrunner.NTRunnerTest@7a3d45bd]" name="closeBrowser" is-config="true" duration-ms="82" started-at="2018-01-27T16:10:05Z" finished-at="2018-01-27T16:10:05Z">
          <reporter-output>
          </reporter-output>
        </test-method> <!-- closeBrowser -->
      </class> <!-- com.expedia.adnatebeta.testrunner.NTRunnerTest -->
    </test> <!-- Chrome -->
  </suite> <!-- Suite -->
</testng-results>
